# Logfile created on Tue Jun 22 01:15:59 -0500 2010  [4;36;1mSQL (0.2ms)[0m   [0;1mSET NAMES 'utf8'[0m
  [4;35;1mSQL (0.1ms)[0m   [0mSET SQL_AUTO_IS_NULL=0[0m


Processing SessionsController#destroy (for 127.0.0.1 at 2010-06-22 01:16:06) [DELETE]
  Parameters: {"action"=>"destroy", "_method"=>"delete", "authenticity_token"=>"fJtucvU3G5FiTgObImYIbiEySI+FnXj4E3jssAZ19NI=", "controller"=>"sessions"}
Redirected to http://localhost:3000/
Completed in 13ms (DB: 0) | 302 Found [http://localhost/signout]
  [4;36;1mSQL (0.1ms)[0m   [0;1mSET NAMES 'utf8'[0m
  [4;35;1mSQL (0.1ms)[0m   [0mSET SQL_AUTO_IS_NULL=0[0m


Processing PagesController#home (for 127.0.0.1 at 2010-06-22 01:16:06) [GET]
  Parameters: {"action"=>"home", "controller"=>"pages"}
Rendering template within layouts/application
Rendering pages/home
Rendered layouts/_stylesheets (2.9ms)
Rendered layouts/_header (4.6ms)
Rendered layouts/_footer (1.8ms)
Completed in 136ms (View: 125, DB: 0) | 200 OK [http://localhost/]
  [4;36;1mSQL (0.2ms)[0m   [0;1mSET NAMES 'utf8'[0m
  [4;35;1mSQL (0.1ms)[0m   [0mSET SQL_AUTO_IS_NULL=0[0m


Processing UsersController#new (for 127.0.0.1 at 2010-06-22 01:16:08) [GET]
  Parameters: {"action"=>"new", "controller"=>"users"}
  [4;36;1mUser Columns (71.3ms)[0m   [0;1mSHOW FIELDS FROM `users`[0m
Rendering template within layouts/application
Rendering users/new
Rendered layouts/_stylesheets (1.7ms)
Rendered layouts/_header (2.0ms)
Rendered layouts/_footer (0.7ms)
Completed in 237ms (View: 129, DB: 72) | 200 OK [http://localhost/signup]
  [4;36;1mSQL (0.2ms)[0m   [0;1mSET NAMES 'utf8'[0m
  [4;35;1mSQL (0.1ms)[0m   [0mSET SQL_AUTO_IS_NULL=0[0m


Processing PagesController#home (for 127.0.0.1 at 2010-06-22 01:34:19) [GET]
  Parameters: {"action"=>"home", "controller"=>"pages"}
Rendering template within layouts/application
Rendering pages/home
Rendered layouts/_stylesheets (2.9ms)
Rendered layouts/_header (4.7ms)
Rendered layouts/_footer (2.0ms)
Completed in 122ms (View: 111, DB: 0) | 200 OK [http://localhost/]
  [4;36;1mSQL (0.2ms)[0m   [0;1mSET NAMES 'utf8'[0m
  [4;35;1mSQL (0.1ms)[0m   [0mSET SQL_AUTO_IS_NULL=0[0m


Processing UsersController#new (for 127.0.0.1 at 2010-06-22 01:34:21) [GET]
  Parameters: {"action"=>"new", "controller"=>"users"}
  [4;36;1mUser Columns (249.9ms)[0m   [0;1mSHOW FIELDS FROM `users`[0m
Rendering template within layouts/application
Rendering users/new
Rendered layouts/_stylesheets (1.7ms)
Rendered layouts/_header (1.9ms)
Rendered layouts/_footer (0.7ms)
Completed in 341ms (View: 53, DB: 250) | 200 OK [http://localhost/signup]
  [4;35;1mSQL (1.0ms)[0m   [0mSET NAMES 'utf8'[0m
  [4;36;1mSQL (0.2ms)[0m   [0;1mSET SQL_AUTO_IS_NULL=0[0m


Processing PagesController#home (for 127.0.0.1 at 2010-06-22 01:34:24) [GET]
  Parameters: {"action"=>"home", "controller"=>"pages"}
Rendering template within layouts/application
Rendering pages/home
Rendered layouts/_stylesheets (1.9ms)
Rendered layouts/_header (1.9ms)
Rendered layouts/_footer (0.6ms)
Completed in 103ms (View: 92, DB: 1) | 200 OK [http://localhost/]
